[handleMsg]:  {
  key: {
    remoteJid: '573026536186@s.whatsapp.net',
    fromMe: false,
    id: '14226DFB7D21899028',
    participant: undefined
  },
  messageTimestamp: 1726330511,
  pushName: 'Leonardo Poveda',
  broadcast: false,
  message: Message {
    extendedTextMessage: ExtendedTextMessage { text: 'hola', contextInfo: [ContextInfo] },
    messageContextInfo: MessageContextInfo {
      deviceListMetadata: [DeviceListMetadata],
      deviceListMetadataVersion: 2
    }
  },
  body: 'hola',
  from: '573026536186'
}
[QUEUE_SE_ENVIO]:  {
  ref: 'ans_d1393309-c5a9-4fbb-bf5d-b1db92d2dc1c',
  keyword: 'key_210e9bd0-d730-435c-b1ae-d2415b55b07f',
  answer: '__call_action__',
  options: {
    media: null,
    buttons: [],
    capture: false,
    child: null,
    delay: 0,
    idle: null,
    ref: null,
    nested: [],
    keyword: {},
    callback: true
  },
  refSerialize: '9c3ea9c5e291c093b6e7c369b50c7e01'
}
[handleMsg]:  {
  key: {
    remoteJid: '573026536186@s.whatsapp.net',
    fromMe: false,
    id: '1BEEA66A36D0BB5D6E',
    participant: undefined
  },
  messageTimestamp: 1726330525,
  pushName: 'Leonardo Poveda',
  broadcast: false,
  message: Message {
    extendedTextMessage: ExtendedTextMessage {
      text: 'que haces',
      contextInfo: [ContextInfo]
    },
    messageContextInfo: MessageContextInfo {
      deviceListMetadata: [DeviceListMetadata],
      deviceListMetadataVersion: 2
    }
  },
  body: 'que haces',
  from: '573026536186'
}
[QUEUE_SE_ENVIO]:  {
  ref: 'ans_d1393309-c5a9-4fbb-bf5d-b1db92d2dc1c',
  keyword: 'key_210e9bd0-d730-435c-b1ae-d2415b55b07f',
  answer: '__call_action__',
  options: {
    media: null,
    buttons: [],
    capture: false,
    child: null,
    delay: 0,
    idle: null,
    ref: null,
    nested: [],
    keyword: {},
    callback: true
  },
  refSerialize: '9c3ea9c5e291c093b6e7c369b50c7e01'
}
[handleMsg]:  {
  key: {
    remoteJid: '573026536186@s.whatsapp.net',
    fromMe: false,
    id: '626FB74F885704B780',
    participant: undefined
  },
  messageTimestamp: 1726330542,
  pushName: 'Leonardo Poveda',
  broadcast: false,
  message: Message {
    extendedTextMessage: ExtendedTextMessage {
      text: 'que app?',
      contextInfo: [ContextInfo]
    },
    messageContextInfo: MessageContextInfo {
      deviceListMetadata: [DeviceListMetadata],
      deviceListMetadataVersion: 2
    }
  },
  body: 'que app?',
  from: '573026536186'
}
[QUEUE_SE_ENVIO]:  {
  ref: 'ans_d1393309-c5a9-4fbb-bf5d-b1db92d2dc1c',
  keyword: 'key_210e9bd0-d730-435c-b1ae-d2415b55b07f',
  answer: '__call_action__',
  options: {
    media: null,
    buttons: [],
    capture: false,
    child: null,
    delay: 0,
    idle: null,
    ref: null,
    nested: [],
    keyword: {},
    callback: true
  },
  refSerialize: '9c3ea9c5e291c093b6e7c369b50c7e01'
}
[handleMsg]:  {
  key: {
    remoteJid: '573026536186@s.whatsapp.net',
    fromMe: false,
    id: 'A53B8CA059598D8F74',
    participant: undefined
  },
  messageTimestamp: 1726330564,
  pushName: 'Leonardo Poveda',
  broadcast: false,
  message: Message {
    extendedTextMessage: ExtendedTextMessage { text: 'si', contextInfo: [ContextInfo] },
    messageContextInfo: MessageContextInfo {
      deviceListMetadata: [DeviceListMetadata],
      deviceListMetadataVersion: 2
    }
  },
  body: 'si',
  from: '573026536186'
}
[QUEUE_SE_ENVIO]:  {
  ref: 'ans_d1393309-c5a9-4fbb-bf5d-b1db92d2dc1c',
  keyword: 'key_210e9bd0-d730-435c-b1ae-d2415b55b07f',
  answer: '__call_action__',
  options: {
    media: null,
    buttons: [],
    capture: false,
    child: null,
    delay: 0,
    idle: null,
    ref: null,
    nested: [],
    keyword: {},
    callback: true
  },
  refSerialize: '9c3ea9c5e291c093b6e7c369b50c7e01'
}
[handleMsg]:  {
  key: {
    remoteJid: '573026536186@s.whatsapp.net',
    fromMe: false,
    id: 'EFC9F3F2203081A399B7E7EB7832F3A9',
    participant: undefined
  },
  messageTimestamp: 1726330670,
  pushName: 'Leonardo Poveda',
  broadcast: false,
  message: Message {
    conversation: 'Wow y quien lo está haciendo',
    messageContextInfo: MessageContextInfo {
      deviceListMetadata: [DeviceListMetadata],
      deviceListMetadataVersion: 2,
      messageSecret: [Uint8Array]
    }
  },
  body: 'Wow y quien lo está haciendo',
  from: '573026536186'
}
[QUEUE_SE_ENVIO]:  {
  ref: 'ans_d1393309-c5a9-4fbb-bf5d-b1db92d2dc1c',
  keyword: 'key_210e9bd0-d730-435c-b1ae-d2415b55b07f',
  answer: '__call_action__',
  options: {
    media: null,
    buttons: [],
    capture: false,
    child: null,
    delay: 0,
    idle: null,
    ref: null,
    nested: [],
    keyword: {},
    callback: true
  },
  refSerialize: '9c3ea9c5e291c093b6e7c369b50c7e01'
}
[handleMsg]:  {
  key: {
    remoteJid: '573107531294@s.whatsapp.net',
    fromMe: false,
    id: '50A280A7D0E47870EA06C4CD007C1A46',
    participant: undefined
  },
  messageTimestamp: 1726331945,
  pushName: 'Juan B.',
  broadcast: false,
  message: Message {
    conversation: 'Hola',
    messageContextInfo: MessageContextInfo {
      deviceListMetadata: [DeviceListMetadata],
      deviceListMetadataVersion: 2
    }
  },
  body: 'Hola',
  from: '573107531294'
}
[QUEUE_SE_ENVIO]:  {
  ref: 'ans_d1393309-c5a9-4fbb-bf5d-b1db92d2dc1c',
  keyword: 'key_210e9bd0-d730-435c-b1ae-d2415b55b07f',
  answer: '__call_action__',
  options: {
    media: null,
    buttons: [],
    capture: false,
    child: null,
    delay: 0,
    idle: null,
    ref: null,
    nested: [],
    keyword: {},
    callback: true
  },
  refSerialize: '9c3ea9c5e291c093b6e7c369b50c7e01'
}
[handleMsg]:  {
  key: {
    remoteJid: '573107531294@s.whatsapp.net',
    fromMe: false,
    id: 'E85FFABA322647F3C41888A5CD1EBBCA',
    participant: undefined
  },
  messageTimestamp: 1726331969,
  pushName: 'Juan B.',
  broadcast: false,
  message: Message {
    conversation: 'Quisiera saber de qué sirve la App ?',
    messageContextInfo: MessageContextInfo {
      deviceListMetadata: [DeviceListMetadata],
      deviceListMetadataVersion: 2
    }
  },
  body: 'Quisiera saber de qué sirve la App ?',
  from: '573107531294'
}
[QUEUE_SE_ENVIO]:  {
  ref: 'ans_d1393309-c5a9-4fbb-bf5d-b1db92d2dc1c',
  keyword: 'key_210e9bd0-d730-435c-b1ae-d2415b55b07f',
  answer: '__call_action__',
  options: {
    media: null,
    buttons: [],
    capture: false,
    child: null,
    delay: 0,
    idle: null,
    ref: null,
    nested: [],
    keyword: {},
    callback: true
  },
  refSerialize: '9c3ea9c5e291c093b6e7c369b50c7e01'
}
[handleMsg]:  {
  key: {
    remoteJid: '573107531294@s.whatsapp.net',
    fromMe: false,
    id: '691DB7103727A1055A339D7302A05FCB',
    participant: undefined
  },
  messageTimestamp: 1726332026,
  pushName: 'Juan B.',
  broadcast: false,
  message: Message {
    conversation: 'Como que tipos de problemas puedo reportar ?',
    messageContextInfo: MessageContextInfo {
      deviceListMetadata: [DeviceListMetadata],
      deviceListMetadataVersion: 2
    }
  },
  body: 'Como que tipos de problemas puedo reportar ?',
  from: '573107531294'
}
[QUEUE_SE_ENVIO]:  {
  ref: 'ans_d1393309-c5a9-4fbb-bf5d-b1db92d2dc1c',
  keyword: 'key_210e9bd0-d730-435c-b1ae-d2415b55b07f',
  answer: '__call_action__',
  options: {
    media: null,
    buttons: [],
    capture: false,
    child: null,
    delay: 0,
    idle: null,
    ref: null,
    nested: [],
    keyword: {},
    callback: true
  },
  refSerialize: '9c3ea9c5e291c093b6e7c369b50c7e01'
}
[handleMsg]:  {
  key: {
    remoteJid: '573107531294@s.whatsapp.net',
    fromMe: false,
    id: 'D5A46C784969A6F39C215F9854B2ED17',
    participant: undefined
  },
  messageTimestamp: 1726332063,
  pushName: 'Juan B.',
  broadcast: false,
  message: Message {
    conversation: 'Oh, Genial !!\nSi apoyo en el formulario, que beneficios tendré ?',
    messageContextInfo: MessageContextInfo {
      deviceListMetadata: [DeviceListMetadata],
      deviceListMetadataVersion: 2
    }
  },
  body: 'Oh, Genial !!\nSi apoyo en el formulario, que beneficios tendré ?',
  from: '573107531294'
}
[QUEUE_SE_ENVIO]:  {
  ref: 'ans_d1393309-c5a9-4fbb-bf5d-b1db92d2dc1c',
  keyword: 'key_210e9bd0-d730-435c-b1ae-d2415b55b07f',
  answer: '__call_action__',
  options: {
    media: null,
    buttons: [],
    capture: false,
    child: null,
    delay: 0,
    idle: null,
    ref: null,
    nested: [],
    keyword: {},
    callback: true
  },
  refSerialize: '9c3ea9c5e291c093b6e7c369b50c7e01'
}
[handleMsg]:  {
  key: {
    remoteJid: '573107531294@s.whatsapp.net',
    fromMe: false,
    id: 'C7D3A90BB7D64721E7186202D96DDBC0',
    participant: undefined
  },
  messageTimestamp: 1726332112,
  pushName: 'Juan B.',
  broadcast: false,
  message: Message {
    conversation: 'Veo que es un formulario general de preguntar sobre problemas geolocales, pero en desarrollo de App, yo como podría ayudar ?',
    messageContextInfo: MessageContextInfo {
      deviceListMetadata: [DeviceListMetadata],
      deviceListMetadataVersion: 2
    }
  },
  body: 'Veo que es un formulario general de preguntar sobre problemas geolocales, pero en desarrollo de App, yo como podría ayudar ?',
  from: '573107531294'
}
[QUEUE_SE_ENVIO]:  {
  ref: 'ans_d1393309-c5a9-4fbb-bf5d-b1db92d2dc1c',
  keyword: 'key_210e9bd0-d730-435c-b1ae-d2415b55b07f',
  answer: '__call_action__',
  options: {
    media: null,
    buttons: [],
    capture: false,
    child: null,
    delay: 0,
    idle: null,
    ref: null,
    nested: [],
    keyword: {},
    callback: true
  },
  refSerialize: '9c3ea9c5e291c093b6e7c369b50c7e01'
}
[handleMsg]:  {
  key: {
    remoteJid: '573107531294@s.whatsapp.net',
    fromMe: false,
    id: '25CDEB896EBDA210D5598ED15A81EF91',
    participant: undefined
  },
  messageTimestamp: 1726332135,
  pushName: 'Juan B.',
  broadcast: false,
  message: Message {
    conversation: 'Que funciones tienes en el momento ?',
    messageContextInfo: MessageContextInfo {
      deviceListMetadata: [DeviceListMetadata],
      deviceListMetadataVersion: 2
    }
  },
  body: 'Que funciones tienes en el momento ?',
  from: '573107531294'
}
[QUEUE_SE_ENVIO]:  {
  ref: 'ans_d1393309-c5a9-4fbb-bf5d-b1db92d2dc1c',
  keyword: 'key_210e9bd0-d730-435c-b1ae-d2415b55b07f',
  answer: '__call_action__',
  options: {
    media: null,
    buttons: [],
    capture: false,
    child: null,
    delay: 0,
    idle: null,
    ref: null,
    nested: [],
    keyword: {},
    callback: true
  },
  refSerialize: '9c3ea9c5e291c093b6e7c369b50c7e01'
}
[handleMsg]:  {
  key: {
    remoteJid: '573107531294@s.whatsapp.net',
    fromMe: false,
    id: 'E5583A38466DA2ECA7A438D02DD22A21',
    participant: undefined
  },
  messageTimestamp: 1726332171,
  pushName: 'Juan B.',
  broadcast: false,
  message: Message {
    conversation: 'El 37% de avance que funciones tiene ?',
    messageContextInfo: MessageContextInfo {
      deviceListMetadata: [DeviceListMetadata],
      deviceListMetadataVersion: 2
    }
  },
  body: 'El 37% de avance que funciones tiene ?',
  from: '573107531294'
}
[QUEUE_SE_ENVIO]:  {
  ref: 'ans_d1393309-c5a9-4fbb-bf5d-b1db92d2dc1c',
  keyword: 'key_210e9bd0-d730-435c-b1ae-d2415b55b07f',
  answer: '__call_action__',
  options: {
    media: null,
    buttons: [],
    capture: false,
    child: null,
    delay: 0,
    idle: null,
    ref: null,
    nested: [],
    keyword: {},
    callback: true
  },
  refSerialize: '9c3ea9c5e291c093b6e7c369b50c7e01'
}
[handleMsg]:  {
  key: {
    remoteJid: '573107531294@s.whatsapp.net',
    fromMe: false,
    id: '7B7C7427132F6995B0E380658FDD0CDB',
    participant: undefined
  },
  messageTimestamp: 1726332188,
  pushName: 'Juan B.',
  broadcast: false,
  message: Message {
    conversation: 'Quien está desarrollando la App ?',
    messageContextInfo: MessageContextInfo {
      deviceListMetadata: [DeviceListMetadata],
      deviceListMetadataVersion: 2
    }
  },
  body: 'Quien está desarrollando la App ?',
  from: '573107531294'
}
[QUEUE_SE_ENVIO]:  {
  ref: 'ans_d1393309-c5a9-4fbb-bf5d-b1db92d2dc1c',
  keyword: 'key_210e9bd0-d730-435c-b1ae-d2415b55b07f',
  answer: '__call_action__',
  options: {
    media: null,
    buttons: [],
    capture: false,
    child: null,
    delay: 0,
    idle: null,
    ref: null,
    nested: [],
    keyword: {},
    callback: true
  },
  refSerialize: '9c3ea9c5e291c093b6e7c369b50c7e01'
}
[handleMsg]:  {
  key: {
    remoteJid: '573107531294@s.whatsapp.net',
    fromMe: false,
    id: '3FE6128796539BE8440BBD606AA8C88B',
    participant: undefined
  },
  messageTimestamp: 1726332228,
  pushName: 'Juan B.',
  broadcast: false,
  message: Message {
    conversation: 'Si',
    messageContextInfo: MessageContextInfo {
      deviceListMetadata: [DeviceListMetadata],
      deviceListMetadataVersion: 2
    }
  },
  body: 'Si',
  from: '573107531294'
}
[QUEUE_SE_ENVIO]:  {
  ref: 'ans_d1393309-c5a9-4fbb-bf5d-b1db92d2dc1c',
  keyword: 'key_210e9bd0-d730-435c-b1ae-d2415b55b07f',
  answer: '__call_action__',
  options: {
    media: null,
    buttons: [],
    capture: false,
    child: null,
    delay: 0,
    idle: null,
    ref: null,
    nested: [],
    keyword: {},
    callback: true
  },
  refSerialize: '9c3ea9c5e291c093b6e7c369b50c7e01'
}
[handleMsg]:  {
  key: {
    remoteJid: '573107531294@s.whatsapp.net',
    fromMe: false,
    id: 'C36A517FF573547399B12E4AAC3EB2E6',
    participant: undefined
  },
  messageTimestamp: 1726332238,
  pushName: 'Juan B.',
  broadcast: false,
  message: Message {
    conversation: 'Saber más',
    messageContextInfo: MessageContextInfo {
      deviceListMetadata: [DeviceListMetadata],
      deviceListMetadataVersion: 2
    }
  },
  body: 'Saber más',
  from: '573107531294'
}
[QUEUE_SE_ENVIO]:  {
  ref: 'ans_d1393309-c5a9-4fbb-bf5d-b1db92d2dc1c',
  keyword: 'key_210e9bd0-d730-435c-b1ae-d2415b55b07f',
  answer: '__call_action__',
  options: {
    media: null,
    buttons: [],
    capture: false,
    child: null,
    delay: 0,
    idle: null,
    ref: null,
    nested: [],
    keyword: {},
    callback: true
  },
  refSerialize: '9c3ea9c5e291c093b6e7c369b50c7e01'
}
[handleMsg]:  {
  key: {
    remoteJid: '573107531294@s.whatsapp.net',
    fromMe: false,
    id: 'ABCC3B3592297983982DD6D3FE6F3631',
    participant: undefined
  },
  messageTimestamp: 1726332290,
  pushName: 'Juan B.',
  broadcast: false,
  message: Message {
    conversation: 'Que tan anónimo me aseguras que es ?',
    messageContextInfo: MessageContextInfo {
      deviceListMetadata: [DeviceListMetadata],
      deviceListMetadataVersion: 2
    }
  },
  body: 'Que tan anónimo me aseguras que es ?',
  from: '573107531294'
}
[QUEUE_SE_ENVIO]:  {
  ref: 'ans_d1393309-c5a9-4fbb-bf5d-b1db92d2dc1c',
  keyword: 'key_210e9bd0-d730-435c-b1ae-d2415b55b07f',
  answer: '__call_action__',
  options: {
    media: null,
    buttons: [],
    capture: false,
    child: null,
    delay: 0,
    idle: null,
    ref: null,
    nested: [],
    keyword: {},
    callback: true
  },
  refSerialize: '9c3ea9c5e291c093b6e7c369b50c7e01'
}
[handleMsg]:  {
  key: {
    remoteJid: '573107531294@s.whatsapp.net',
    fromMe: false,
    id: '94E6225524FA3133354E87F85928614C',
    participant: undefined
  },
  messageTimestamp: 1726332320,
  pushName: 'Juan B.',
  broadcast: false,
  message: Message {
    conversation: 'Bajo que ley o norma me aseguras mi identidad anónima ?',
    messageContextInfo: MessageContextInfo {
      deviceListMetadata: [DeviceListMetadata],
      deviceListMetadataVersion: 2
    }
  },
  body: 'Bajo que ley o norma me aseguras mi identidad anónima ?',
  from: '573107531294'
}
[QUEUE_SE_ENVIO]:  {
  ref: 'ans_d1393309-c5a9-4fbb-bf5d-b1db92d2dc1c',
  keyword: 'key_210e9bd0-d730-435c-b1ae-d2415b55b07f',
  answer: '__call_action__',
  options: {
    media: null,
    buttons: [],
    capture: false,
    child: null,
    delay: 0,
    idle: null,
    ref: null,
    nested: [],
    keyword: {},
    callback: true
  },
  refSerialize: '9c3ea9c5e291c093b6e7c369b50c7e01'
}
[handleMsg]:  {
  key: {
    remoteJid: '573107531294@s.whatsapp.net',
    fromMe: false,
    id: 'A806AC0628FD69D15C74DD4164EC8314',
    participant: undefined
  },
  messageTimestamp: 1726332369,
  pushName: 'Juan B.',
  broadcast: false,
  message: Message {
    extendedTextMessage: ExtendedTextMessage {
      text: 'De que normas me hablas ?',
      previewType: 0,
      contextInfo: [ContextInfo],
      inviteLinkGroupTypeV2: 0
    },
    messageContextInfo: MessageContextInfo {
      deviceListMetadata: [DeviceListMetadata],
      deviceListMetadataVersion: 2
    }
  },
  body: 'De que normas me hablas ?',
  from: '573107531294'
}
[QUEUE_SE_ENVIO]:  {
  ref: 'ans_d1393309-c5a9-4fbb-bf5d-b1db92d2dc1c',
  keyword: 'key_210e9bd0-d730-435c-b1ae-d2415b55b07f',
  answer: '__call_action__',
  options: {
    media: null,
    buttons: [],
    capture: false,
    child: null,
    delay: 0,
    idle: null,
    ref: null,
    nested: [],
    keyword: {},
    callback: true
  },
  refSerialize: '9c3ea9c5e291c093b6e7c369b50c7e01'
}
[handleMsg]:  {
  key: {
    remoteJid: '573107531294@s.whatsapp.net',
    fromMe: false,
    id: '1D033AFAA17916D415AE5E7AD9545C34',
    participant: undefined
  },
  messageTimestamp: 1726332395,
  pushName: 'Juan B.',
  broadcast: false,
  message: Message {
    conversation: 'Vale, gracias',
    messageContextInfo: MessageContextInfo {
      deviceListMetadata: [DeviceListMetadata],
      deviceListMetadataVersion: 2
    }
  },
  body: 'Vale, gracias',
  from: '573107531294'
}
[QUEUE_SE_ENVIO]:  {
  ref: 'ans_d1393309-c5a9-4fbb-bf5d-b1db92d2dc1c',
  keyword: 'key_210e9bd0-d730-435c-b1ae-d2415b55b07f',
  answer: '__call_action__',
  options: {
    media: null,
    buttons: [],
    capture: false,
    child: null,
    delay: 0,
    idle: null,
    ref: null,
    nested: [],
    keyword: {},
    callback: true
  },
  refSerialize: '9c3ea9c5e291c093b6e7c369b50c7e01'
}
[handleMsg]:  {
  key: {
    remoteJid: '573107531294@s.whatsapp.net',
    fromMe: false,
    id: 'D0EEBC75F90BEA0E438A6933E23B1219',
    participant: undefined
  },
  messageTimestamp: 1726332408,
  pushName: 'Juan B.',
  broadcast: false,
  message: Message {
    conversation: 'No, gracias',
    messageContextInfo: MessageContextInfo {
      deviceListMetadata: [DeviceListMetadata],
      deviceListMetadataVersion: 2
    }
  },
  body: 'No, gracias',
  from: '573107531294'
}
[QUEUE_SE_ENVIO]:  {
  ref: 'ans_d1393309-c5a9-4fbb-bf5d-b1db92d2dc1c',
  keyword: 'key_210e9bd0-d730-435c-b1ae-d2415b55b07f',
  answer: '__call_action__',
  options: {
    media: null,
    buttons: [],
    capture: false,
    child: null,
    delay: 0,
    idle: null,
    ref: null,
    nested: [],
    keyword: {},
    callback: true
  },
  refSerialize: '9c3ea9c5e291c093b6e7c369b50c7e01'
}
[handleMsg]:  {
  key: {
    remoteJid: '573107531294@s.whatsapp.net',
    fromMe: false,
    id: 'DF7B1CF574496310214499A8C400ACD8',
    participant: undefined
  },
  messageTimestamp: 1726332423,
  pushName: 'Juan B.',
  broadcast: false,
  message: Message {
    conversation: 'Que es mapa de sueños ?',
    messageContextInfo: MessageContextInfo {
      deviceListMetadata: [DeviceListMetadata],
      deviceListMetadataVersion: 2
    }
  },
  body: 'Que es mapa de sueños ?',
  from: '573107531294'
}
[QUEUE_SE_ENVIO]:  {
  ref: 'ans_d1393309-c5a9-4fbb-bf5d-b1db92d2dc1c',
  keyword: 'key_210e9bd0-d730-435c-b1ae-d2415b55b07f',
  answer: '__call_action__',
  options: {
    media: null,
    buttons: [],
    capture: false,
    child: null,
    delay: 0,
    idle: null,
    ref: null,
    nested: [],
    keyword: {},
    callback: true
  },
  refSerialize: '9c3ea9c5e291c093b6e7c369b50c7e01'
}
[handleMsg]:  {
  key: {
    remoteJid: '573107531294@s.whatsapp.net',
    fromMe: false,
    id: '8F26D5D02A7D4FE54BCEF088BC254BCF',
    participant: undefined
  },
  messageTimestamp: 1726332441,
  pushName: 'Juan B.',
  broadcast: false,
  message: Message {
    conversation: 'Ahh ok, que bueno !',
    messageContextInfo: MessageContextInfo {
      deviceListMetadata: [DeviceListMetadata],
      deviceListMetadataVersion: 2
    }
  },
  body: 'Ahh ok, que bueno !',
  from: '573107531294'
}
[QUEUE_SE_ENVIO]:  {
  ref: 'ans_d1393309-c5a9-4fbb-bf5d-b1db92d2dc1c',
  keyword: 'key_210e9bd0-d730-435c-b1ae-d2415b55b07f',
  answer: '__call_action__',
  options: {
    media: null,
    buttons: [],
    capture: false,
    child: null,
    delay: 0,
    idle: null,
    ref: null,
    nested: [],
    keyword: {},
    callback: true
  },
  refSerialize: '9c3ea9c5e291c093b6e7c369b50c7e01'
}
[handleMsg]:  {
  key: {
    remoteJid: '573118729512@s.whatsapp.net',
    fromMe: false,
    id: '705C60320F44E430CD075E8AC17C4576',
    participant: undefined
  },
  messageTimestamp: 1726339432,
  pushName: 'Johana M.P.👩🏻‍💻👩🏻‍🏫',
  broadcast: false,
  message: Message {
    extendedTextMessage: ExtendedTextMessage {
      text: 'Hice',
      previewType: 0,
      contextInfo: [ContextInfo],
      inviteLinkGroupTypeV2: 0
    },
    messageContextInfo: MessageContextInfo {
      deviceListMetadata: [DeviceListMetadata],
      deviceListMetadataVersion: 2
    }
  },
  body: 'Hice',
  from: '573118729512'
}
[QUEUE_SE_ENVIO]:  {
  ref: 'ans_d1393309-c5a9-4fbb-bf5d-b1db92d2dc1c',
  keyword: 'key_210e9bd0-d730-435c-b1ae-d2415b55b07f',
  answer: '__call_action__',
  options: {
    media: null,
    buttons: [],
    capture: false,
    child: null,
    delay: 0,
    idle: null,
    ref: null,
    nested: [],
    keyword: {},
    callback: true
  },
  refSerialize: '9c3ea9c5e291c093b6e7c369b50c7e01'
}
[handleMsg]:  {
  key: {
    remoteJid: '573168776402@s.whatsapp.net',
    fromMe: false,
    id: 'EA24B7878F3FE13D50A68813179A4533',
    participant: undefined
  },
  messageTimestamp: 1726339856,
  pushName: 'HAPH',
  broadcast: false,
  message: Message {
    extendedTextMessage: ExtendedTextMessage {
      text: 'Hola',
      previewType: 0,
      contextInfo: [ContextInfo],
      inviteLinkGroupTypeV2: 0
    },
    messageContextInfo: MessageContextInfo {
      deviceListMetadata: [DeviceListMetadata],
      deviceListMetadataVersion: 2
    }
  },
  body: 'Hola',
  from: '573168776402'
}
[QUEUE_SE_ENVIO]:  {
  ref: 'ans_d1393309-c5a9-4fbb-bf5d-b1db92d2dc1c',
  keyword: 'key_210e9bd0-d730-435c-b1ae-d2415b55b07f',
  answer: '__call_action__',
  options: {
    media: null,
    buttons: [],
    capture: false,
    child: null,
    delay: 0,
    idle: null,
    ref: null,
    nested: [],
    keyword: {},
    callback: true
  },
  refSerialize: '9c3ea9c5e291c093b6e7c369b50c7e01'
}
[handleMsg]:  {
  key: {
    remoteJid: '573168776402@s.whatsapp.net',
    fromMe: false,
    id: '9638E554FFB5741D65F2FF5B4D506B18',
    participant: undefined
  },
  messageTimestamp: 1726339877,
  pushName: 'HAPH',
  broadcast: false,
  message: Message {
    conversation: 'Si',
    messageContextInfo: MessageContextInfo {
      deviceListMetadata: [DeviceListMetadata],
      deviceListMetadataVersion: 2
    }
  },
  body: 'Si',
  from: '573168776402'
}
[QUEUE_SE_ENVIO]:  {
  ref: 'ans_d1393309-c5a9-4fbb-bf5d-b1db92d2dc1c',
  keyword: 'key_210e9bd0-d730-435c-b1ae-d2415b55b07f',
  answer: '__call_action__',
  options: {
    media: null,
    buttons: [],
    capture: false,
    child: null,
    delay: 0,
    idle: null,
    ref: null,
    nested: [],
    keyword: {},
    callback: true
  },
  refSerialize: '9c3ea9c5e291c093b6e7c369b50c7e01'
}
[handleMsg]:  {
  key: {
    remoteJid: '573168776402@s.whatsapp.net',
    fromMe: false,
    id: 'D1ED7FFEDFD7A13BA98202F58B807A06',
    participant: undefined
  },
  messageTimestamp: 1726339902,
  pushName: 'HAPH',
  broadcast: false,
  message: Message {
    conversation: 'Sobre ojo con eso',
    messageContextInfo: MessageContextInfo {
      deviceListMetadata: [DeviceListMetadata],
      deviceListMetadataVersion: 2
    }
  },
  body: 'Sobre ojo con eso',
  from: '573168776402'
}
[QUEUE_SE_ENVIO]:  {
  ref: 'ans_d1393309-c5a9-4fbb-bf5d-b1db92d2dc1c',
  keyword: 'key_210e9bd0-d730-435c-b1ae-d2415b55b07f',
  answer: '__call_action__',
  options: {
    media: null,
    buttons: [],
    capture: false,
    child: null,
    delay: 0,
    idle: null,
    ref: null,
    nested: [],
    keyword: {},
    callback: true
  },
  refSerialize: '9c3ea9c5e291c093b6e7c369b50c7e01'
}
[handleMsg]:  {
  key: {
    remoteJid: '573168776402@s.whatsapp.net',
    fromMe: false,
    id: 'A4878197416BC2BAF5048AA46487FC00',
    participant: undefined
  },
  messageTimestamp: 1726339928,
  pushName: 'HAPH',
  broadcast: false,
  message: Message {
    conversation: 'Si',
    messageContextInfo: MessageContextInfo {
      deviceListMetadata: [DeviceListMetadata],
      deviceListMetadataVersion: 2
    }
  },
  status: 4,
  body: 'Si',
  from: '573168776402'
}
[QUEUE_SE_ENVIO]:  {
  ref: 'ans_d1393309-c5a9-4fbb-bf5d-b1db92d2dc1c',
  keyword: 'key_210e9bd0-d730-435c-b1ae-d2415b55b07f',
  answer: '__call_action__',
  options: {
    media: null,
    buttons: [],
    capture: false,
    child: null,
    delay: 0,
    idle: null,
    ref: null,
    nested: [],
    keyword: {},
    callback: true
  },
  refSerialize: '9c3ea9c5e291c093b6e7c369b50c7e01'
}
[handleMsg]:  {
  key: {
    remoteJid: '573168776402@s.whatsapp.net',
    fromMe: false,
    id: '1941A56AAA84162991AD7BB98709DCFE',
    participant: undefined
  },
  messageTimestamp: 1726339950,
  pushName: 'HAPH',
  broadcast: false,
  message: Message {
    conversation: 'Si, por favor',
    messageContextInfo: MessageContextInfo {
      deviceListMetadata: [DeviceListMetadata],
      deviceListMetadataVersion: 2
    }
  },
  body: 'Si, por favor',
  from: '573168776402'
}
[QUEUE_SE_ENVIO]:  {
  ref: 'ans_d1393309-c5a9-4fbb-bf5d-b1db92d2dc1c',
  keyword: 'key_210e9bd0-d730-435c-b1ae-d2415b55b07f',
  answer: '__call_action__',
  options: {
    media: null,
    buttons: [],
    capture: false,
    child: null,
    delay: 0,
    idle: null,
    ref: null,
    nested: [],
    keyword: {},
    callback: true
  },
  refSerialize: '9c3ea9c5e291c093b6e7c369b50c7e01'
}
[handleMsg]:  {
  key: {
    remoteJid: '573168776402@s.whatsapp.net',
    fromMe: false,
    id: '1A553699B54FAF3B4E2FA33237BE542A',
    participant: undefined
  },
  messageTimestamp: 1726339998,
  pushName: 'HAPH',
  broadcast: false,
  message: Message {
    conversation: 'Quien fue el tarado que hizo está app?',
    messageContextInfo: MessageContextInfo {
      deviceListMetadata: [DeviceListMetadata],
      deviceListMetadataVersion: 2
    }
  },
  body: 'Quien fue el tarado que hizo está app?',
  from: '573168776402'
}
[QUEUE_SE_ENVIO]:  {
  ref: 'ans_d1393309-c5a9-4fbb-bf5d-b1db92d2dc1c',
  keyword: 'key_210e9bd0-d730-435c-b1ae-d2415b55b07f',
  answer: '__call_action__',
  options: {
    media: null,
    buttons: [],
    capture: false,
    child: null,
    delay: 0,
    idle: null,
    ref: null,
    nested: [],
    keyword: {},
    callback: true
  },
  refSerialize: '9c3ea9c5e291c093b6e7c369b50c7e01'
}
[handleMsg]:  {
  key: {
    remoteJid: '573168776402@s.whatsapp.net',
    fromMe: false,
    id: '8FF90727AD9F407155D7702F12BC3E8E',
    participant: undefined
  },
  messageTimestamp: 1726340018,
  pushName: 'HAPH',
  broadcast: false,
  message: Message {
    conversation: 'Nada más',
    messageContextInfo: MessageContextInfo {
      deviceListMetadata: [DeviceListMetadata],
      deviceListMetadataVersion: 2
    }
  },
  body: 'Nada más',
  from: '573168776402'
}
[handleMsg]:  {
  key: {
    remoteJid: '573168776402@s.whatsapp.net',
    fromMe: false,
    id: '2945143531DBBE4CC33C9ABA60DA37EB',
    participant: undefined
  },
  messageTimestamp: 1726340019,
  pushName: 'HAPH',
  broadcast: false,
  message: Message {
    conversation: 'Gracias',
    messageContextInfo: MessageContextInfo {
      deviceListMetadata: [DeviceListMetadata],
      deviceListMetadataVersion: 2
    }
  },
  body: 'Gracias',
  from: '573168776402'
}
[QUEUE_SE_ENVIO]:  {
  ref: 'ans_d1393309-c5a9-4fbb-bf5d-b1db92d2dc1c',
  keyword: 'key_210e9bd0-d730-435c-b1ae-d2415b55b07f',
  answer: '__call_action__',
  options: {
    media: null,
    buttons: [],
    capture: false,
    child: null,
    delay: 0,
    idle: null,
    ref: null,
    nested: [],
    keyword: {},
    callback: true
  },
  refSerialize: '9c3ea9c5e291c093b6e7c369b50c7e01'
}
[QUEUE_SE_ENVIO]:  {
  ref: 'ans_d1393309-c5a9-4fbb-bf5d-b1db92d2dc1c',
  keyword: 'key_210e9bd0-d730-435c-b1ae-d2415b55b07f',
  answer: '__call_action__',
  options: {
    media: null,
    buttons: [],
    capture: false,
    child: null,
    delay: 0,
    idle: null,
    ref: null,
    nested: [],
    keyword: {},
    callback: true
  },
  refSerialize: '9c3ea9c5e291c093b6e7c369b50c7e01'
}
[handleMsg]:  {
  key: {
    remoteJid: '573052591974@s.whatsapp.net',
    fromMe: false,
    id: '3A76263818419BCADF3A',
    participant: undefined
  },
  messageTimestamp: 1726340326,
  pushName: 'Psi. Julián Cobo',
  broadcast: false,
  message: Message {
    conversation: 'Hola buena tarde.',
    messageContextInfo: MessageContextInfo {
      deviceListMetadata: [DeviceListMetadata],
      deviceListMetadataVersion: 2
    }
  },
  verifiedBizName: 'Psi. Julián Cobo',
  body: 'Hola buena tarde.',
  from: '573052591974'
}
[QUEUE_SE_ENVIO]:  {
  ref: 'ans_d1393309-c5a9-4fbb-bf5d-b1db92d2dc1c',
  keyword: 'key_210e9bd0-d730-435c-b1ae-d2415b55b07f',
  answer: '__call_action__',
  options: {
    media: null,
    buttons: [],
    capture: false,
    child: null,
    delay: 0,
    idle: null,
    ref: null,
    nested: [],
    keyword: {},
    callback: true
  },
  refSerialize: '9c3ea9c5e291c093b6e7c369b50c7e01'
}
[handleMsg]:  {
  key: {
    remoteJid: '573052591974@s.whatsapp.net',
    fromMe: false,
    id: '3A395C15516F5C943E78',
    participant: undefined
  },
  messageTimestamp: 1726340364,
  pushName: 'Psi. Julián Cobo',
  broadcast: false,
  message: Message {
    conversation: 'Formulario',
    messageContextInfo: MessageContextInfo {
      deviceListMetadata: [DeviceListMetadata],
      deviceListMetadataVersion: 2
    }
  },
  verifiedBizName: 'Psi. Julián Cobo',
  body: 'Formulario',
  from: '573052591974'
}
[QUEUE_SE_ENVIO]:  {
  ref: 'ans_d1393309-c5a9-4fbb-bf5d-b1db92d2dc1c',
  keyword: 'key_210e9bd0-d730-435c-b1ae-d2415b55b07f',
  answer: '__call_action__',
  options: {
    media: null,
    buttons: [],
    capture: false,
    child: null,
    delay: 0,
    idle: null,
    ref: null,
    nested: [],
    keyword: {},
    callback: true
  },
  refSerialize: '9c3ea9c5e291c093b6e7c369b50c7e01'
}
